2020-02-11 15:51:23 INFO  Ims:22 - Which entity would you like to use?
2020-02-11 15:51:23 INFO  Domain:28 - CUSTOMER: Information about customers
2020-02-11 15:51:23 INFO  Domain:28 - ITEM: Individual Items
2020-02-11 15:51:23 INFO  Domain:28 - ORDER: Purchases of items
2020-02-11 15:51:23 INFO  Domain:28 - STOP: To close the application
2020-02-11 15:51:28 INFO  Ims:26 - What would you like to do with customer:
2020-02-11 15:51:28 INFO  Action:42 - CREATE: To save a new item into the database
2020-02-11 15:51:28 INFO  Action:42 - READ: To read an item from the database
2020-02-11 15:51:28 INFO  Action:42 - UPDATE: To change an item already in the database
2020-02-11 15:51:28 INFO  Action:42 - DELETE: To remove an item from the database
2020-02-11 15:51:28 INFO  Action:42 - RETURN: To return to domain selection
2020-02-11 15:51:34 ERROR Action:59 - Invalid selection please try again
2020-02-11 15:51:37 INFO  CustomerController:60 - Please enter the ID of the customer whose details you wish to edit:
2020-02-11 15:51:40 INFO  CustomerController:63 - Please enter their new first name:
2020-02-11 15:51:42 INFO  CustomerController:65 - Please enter their new last name:
2020-02-11 15:51:43 INFO  CustomerController:68 - Customer updated
2020-02-11 15:51:43 INFO  ItemController:39 - Please enter the ID of the item you wish to edit:
2020-02-11 16:14:42 INFO  Ims:22 - Which entity would you like to use?
2020-02-11 16:14:42 INFO  Domain:28 - CUSTOMER: Information about customers
2020-02-11 16:14:42 INFO  Domain:28 - ITEM: Individual Items
2020-02-11 16:14:42 INFO  Domain:28 - ORDER: Purchases of items
2020-02-11 16:14:42 INFO  Domain:28 - STOP: To close the application
2020-02-11 16:14:46 INFO  Ims:26 - What would you like to do with customer:
2020-02-11 16:14:46 INFO  Action:42 - CREATE: To save a new item into the database
2020-02-11 16:14:46 INFO  Action:42 - READ: To read an item from the database
2020-02-11 16:14:46 INFO  Action:42 - UPDATE: To change an item already in the database
2020-02-11 16:14:46 INFO  Action:42 - DELETE: To remove an item from the database
2020-02-11 16:14:46 INFO  Action:42 - RETURN: To return to domain selection
2020-02-11 16:14:48 INFO  CustomerController:60 - Please enter the ID of the customer whose details you wish to edit:
2020-02-11 16:14:49 INFO  CustomerController:63 - Please enter their new first name:
2020-02-11 16:14:52 INFO  CustomerController:65 - Please enter their new last name:
2020-02-11 16:14:54 INFO  CustomerController:68 - Customer updated
2020-02-11 16:14:54 INFO  ItemController:39 - Please enter the ID of the item you wish to edit:
2020-02-11 16:24:10 INFO  Ims:22 - Which entity would you like to use?
2020-02-11 16:24:10 INFO  Domain:28 - CUSTOMER: Information about customers
2020-02-11 16:24:10 INFO  Domain:28 - ITEM: Individual Items
2020-02-11 16:24:10 INFO  Domain:28 - ORDER: Purchases of items
2020-02-11 16:24:10 INFO  Domain:28 - STOP: To close the application
2020-02-11 16:24:12 INFO  Ims:26 - What would you like to do with customer:
2020-02-11 16:24:12 INFO  Action:42 - CREATE: To save a new item into the database
2020-02-11 16:24:12 INFO  Action:42 - READ: To read an item from the database
2020-02-11 16:24:12 INFO  Action:42 - UPDATE: To change an item already in the database
2020-02-11 16:24:12 INFO  Action:42 - DELETE: To remove an item from the database
2020-02-11 16:24:12 INFO  Action:42 - RETURN: To return to domain selection
2020-02-11 16:24:15 INFO  CustomerController:60 - Please enter the ID of the customer whose details you wish to edit:
2020-02-11 16:24:16 INFO  CustomerController:63 - Please enter their new first name:
2020-02-11 16:24:18 INFO  CustomerController:65 - Please enter their new last name:
2020-02-11 16:24:20 INFO  CustomerController:68 - Customer updated
2020-02-11 16:24:20 INFO  ItemController:39 - Please enter the ID of the item you wish to edit:
2020-02-11 16:26:03 INFO  Ims:22 - Which entity would you like to use?
2020-02-11 16:26:03 INFO  Domain:28 - CUSTOMER: Information about customers
2020-02-11 16:26:03 INFO  Domain:28 - ITEM: Individual Items
2020-02-11 16:26:03 INFO  Domain:28 - ORDER: Purchases of items
2020-02-11 16:26:03 INFO  Domain:28 - STOP: To close the application
2020-02-11 16:26:05 INFO  Ims:22 - Which entity would you like to use?
2020-02-11 16:26:05 INFO  Domain:28 - CUSTOMER: Information about customers
2020-02-11 16:26:05 INFO  Domain:28 - ITEM: Individual Items
2020-02-11 16:26:05 INFO  Domain:28 - ORDER: Purchases of items
2020-02-11 16:26:05 INFO  Domain:28 - STOP: To close the application
2020-02-11 16:26:10 INFO  Ims:26 - What would you like to do with customer:
2020-02-11 16:26:10 INFO  Action:42 - CREATE: To save a new item into the database
2020-02-11 16:26:10 INFO  Action:42 - READ: To read an item from the database
2020-02-11 16:26:10 INFO  Action:42 - UPDATE: To change an item already in the database
2020-02-11 16:26:10 INFO  Action:42 - DELETE: To remove an item from the database
2020-02-11 16:26:10 INFO  Action:42 - RETURN: To return to domain selection
2020-02-11 16:26:13 INFO  CustomerController:60 - Please enter the ID of the customer whose details you wish to edit:
2020-02-11 16:26:14 INFO  CustomerController:63 - Please enter their new first name:
2020-02-11 16:26:16 INFO  CustomerController:65 - Please enter their new last name:
2020-02-11 16:26:19 INFO  CustomerController:68 - Customer updated
2020-02-11 16:26:19 INFO  ItemController:39 - Please enter the ID of the item you wish to edit:
2020-02-11 16:27:01 INFO  Ims:22 - Which entity would you like to use?
2020-02-11 16:27:01 INFO  Domain:28 - CUSTOMER: Information about customers
2020-02-11 16:27:01 INFO  Domain:28 - ITEM: Individual Items
2020-02-11 16:27:01 INFO  Domain:28 - ORDER: Purchases of items
2020-02-11 16:27:01 INFO  Domain:28 - STOP: To close the application
2020-02-11 16:27:06 INFO  Ims:26 - What would you like to do with customer:
2020-02-11 16:27:06 INFO  Action:42 - CREATE: To save a new item into the database
2020-02-11 16:27:06 INFO  Action:42 - READ: To read an item from the database
2020-02-11 16:27:06 INFO  Action:42 - UPDATE: To change an item already in the database
2020-02-11 16:27:06 INFO  Action:42 - DELETE: To remove an item from the database
2020-02-11 16:27:06 INFO  Action:42 - RETURN: To return to domain selection
2020-02-11 16:27:08 ERROR Action:59 - Invalid selection please try again
2020-02-11 16:27:10 ERROR Action:59 - Invalid selection please try again
2020-02-11 16:27:12 ERROR Action:59 - Invalid selection please try again
2020-02-11 16:27:16 INFO  CustomerController:60 - Please enter the ID of the customer whose details you wish to edit:
2020-02-11 16:27:19 INFO  CustomerController:63 - Please enter their new first name:
2020-02-11 16:27:20 INFO  CustomerController:65 - Please enter their new last name:
2020-02-11 16:27:22 INFO  CustomerController:68 - Customer updated
2020-02-11 16:28:55 INFO  Ims:22 - Which entity would you like to use?
2020-02-11 16:28:55 INFO  Domain:28 - CUSTOMER: Information about customers
2020-02-11 16:28:55 INFO  Domain:28 - ITEM: Individual Items
2020-02-11 16:28:55 INFO  Domain:28 - ORDER: Purchases of items
2020-02-11 16:28:55 INFO  Domain:28 - STOP: To close the application
2020-02-11 16:29:00 ERROR Domain:39 - Invalid selection please try again
2020-02-11 16:29:03 INFO  Ims:26 - What would you like to do with customer:
2020-02-11 16:29:03 INFO  Action:42 - CREATE: To save a new item into the database
2020-02-11 16:29:03 INFO  Action:42 - READ: To read an item from the database
2020-02-11 16:29:03 INFO  Action:42 - UPDATE: To change an item already in the database
2020-02-11 16:29:03 INFO  Action:42 - DELETE: To remove an item from the database
2020-02-11 16:29:03 INFO  Action:42 - RETURN: To return to domain selection
2020-02-11 16:29:06 INFO  CustomerController:60 - Please enter the ID of the customer whose details you wish to edit:
2020-02-11 16:29:07 INFO  CustomerController:63 - Please enter their new first name:
2020-02-11 16:29:08 INFO  CustomerController:65 - Please enter their new last name:
2020-02-11 16:29:10 INFO  CustomerController:68 - Customer updated
2020-02-11 16:31:46 INFO  Ims:22 - Which entity would you like to use?
2020-02-11 16:31:46 INFO  Domain:28 - CUSTOMER: Information about customers
2020-02-11 16:31:46 INFO  Domain:28 - ITEM: Individual Items
2020-02-11 16:31:46 INFO  Domain:28 - ORDER: Purchases of items
2020-02-11 16:31:46 INFO  Domain:28 - STOP: To close the application
2020-02-11 16:31:49 ERROR Domain:39 - Invalid selection please try again
2020-02-11 16:31:51 INFO  Ims:26 - What would you like to do with item:
2020-02-11 16:31:51 INFO  Action:42 - CREATE: To save a new item into the database
2020-02-11 16:31:51 INFO  Action:42 - READ: To read an item from the database
2020-02-11 16:31:51 INFO  Action:42 - UPDATE: To change an item already in the database
2020-02-11 16:31:51 INFO  Action:42 - DELETE: To remove an item from the database
2020-02-11 16:31:51 INFO  Action:42 - RETURN: To return to domain selection
2020-02-11 16:31:53 INFO  ItemController:39 - Please enter the ID of the item you wish to edit:
2020-02-11 16:31:55 INFO  ItemController:42 - What is the item's new name?
2020-02-11 16:31:57 INFO  ItemController:44 - What is the new value of the order?
2020-02-11 16:31:59 INFO  ItemController:47 - What is the new stock level of the item?
2020-02-11 16:32:00 INFO  ItemController:51 - Item has been edited successfully
2020-02-11 16:32:34 INFO  Ims:22 - Which entity would you like to use?
2020-02-11 16:32:34 INFO  Domain:28 - CUSTOMER: Information about customers
2020-02-11 16:32:34 INFO  Domain:28 - ITEM: Individual Items
2020-02-11 16:32:34 INFO  Domain:28 - ORDER: Purchases of items
2020-02-11 16:32:34 INFO  Domain:28 - STOP: To close the application
2020-02-11 16:32:37 INFO  Ims:26 - What would you like to do with item:
2020-02-11 16:32:37 INFO  Action:42 - CREATE: To save a new item into the database
2020-02-11 16:32:37 INFO  Action:42 - READ: To read an item from the database
2020-02-11 16:32:37 INFO  Action:42 - UPDATE: To change an item already in the database
2020-02-11 16:32:37 INFO  Action:42 - DELETE: To remove an item from the database
2020-02-11 16:32:37 INFO  Action:42 - RETURN: To return to domain selection
2020-02-11 16:32:38 INFO  ItemController:39 - Please enter the ID of the item you wish to edit:
2020-02-11 16:32:41 INFO  ItemController:42 - What is the item's new name?
2020-02-11 16:32:43 INFO  ItemController:44 - What is the new value of the order?
2020-02-11 16:32:45 INFO  ItemController:47 - What is the new stock level of the item?
2020-02-11 16:32:47 INFO  ItemController:51 - Item has been edited successfully
2020-02-11 16:37:00 INFO  Ims:22 - Which entity would you like to use?
2020-02-11 16:37:00 INFO  Domain:28 - CUSTOMER: Information about customers
2020-02-11 16:37:00 INFO  Domain:28 - ITEM: Individual Items
2020-02-11 16:37:00 INFO  Domain:28 - ORDER: Purchases of items
2020-02-11 16:37:00 INFO  Domain:28 - STOP: To close the application
2020-02-11 16:37:09 INFO  Ims:26 - What would you like to do with item:
2020-02-11 16:37:09 INFO  Action:42 - CREATE: To save a new item into the database
2020-02-11 16:37:09 INFO  Action:42 - READ: To read an item from the database
2020-02-11 16:37:09 INFO  Action:42 - UPDATE: To change an item already in the database
2020-02-11 16:37:09 INFO  Action:42 - DELETE: To remove an item from the database
2020-02-11 16:37:09 INFO  Action:42 - RETURN: To return to domain selection
2020-02-11 16:37:11 INFO  ItemController:39 - Please enter the ID of the item you wish to edit:
2020-02-11 16:37:13 INFO  ItemController:42 - What is the item's new name?
2020-02-11 16:37:16 INFO  ItemController:44 - What is the new value of the order?
2020-02-11 16:37:17 INFO  ItemController:47 - What is the new stock level of the item?
2020-02-11 16:37:19 INFO  ItemController:51 - Item has been edited successfully
2020-02-11 16:42:00 INFO  Ims:22 - Which entity would you like to use?
2020-02-11 16:42:00 INFO  Domain:28 - CUSTOMER: Information about customers
2020-02-11 16:42:00 INFO  Domain:28 - ITEM: Individual Items
2020-02-11 16:42:00 INFO  Domain:28 - ORDER: Purchases of items
2020-02-11 16:42:00 INFO  Domain:28 - STOP: To close the application
2020-02-11 16:42:02 INFO  Ims:26 - What would you like to do with item:
2020-02-11 16:42:02 INFO  Action:42 - CREATE: To save a new item into the database
2020-02-11 16:42:02 INFO  Action:42 - READ: To read an item from the database
2020-02-11 16:42:02 INFO  Action:42 - UPDATE: To change an item already in the database
2020-02-11 16:42:02 INFO  Action:42 - DELETE: To remove an item from the database
2020-02-11 16:42:02 INFO  Action:42 - RETURN: To return to domain selection
2020-02-11 16:42:03 INFO  ItemController:39 - Please enter the ID of the item you wish to edit:
2020-02-11 16:42:06 INFO  ItemController:42 - What is the item's new name?
2020-02-11 16:42:08 INFO  ItemController:44 - What is the new value of the order?
2020-02-11 16:42:12 INFO  ItemController:47 - What is the new stock level of the item?
2020-02-11 16:42:13 INFO  ItemController:51 - Item has been edited successfully
2020-02-11 16:42:56 INFO  Ims:22 - Which entity would you like to use?
2020-02-11 16:42:56 INFO  Domain:28 - CUSTOMER: Information about customers
2020-02-11 16:42:56 INFO  Domain:28 - ITEM: Individual Items
2020-02-11 16:42:56 INFO  Domain:28 - ORDER: Purchases of items
2020-02-11 16:42:56 INFO  Domain:28 - STOP: To close the application
2020-02-11 16:42:58 INFO  Ims:26 - What would you like to do with item:
2020-02-11 16:42:58 INFO  Action:42 - CREATE: To save a new item into the database
2020-02-11 16:42:58 INFO  Action:42 - READ: To read an item from the database
2020-02-11 16:42:58 INFO  Action:42 - UPDATE: To change an item already in the database
2020-02-11 16:42:58 INFO  Action:42 - DELETE: To remove an item from the database
2020-02-11 16:42:58 INFO  Action:42 - RETURN: To return to domain selection
2020-02-11 16:43:02 INFO  ItemController:39 - Please enter the ID of the item you wish to edit:
2020-02-11 16:43:04 INFO  ItemController:42 - What is the item's new name?
2020-02-11 16:43:05 INFO  ItemController:44 - What is the new value of the order?
2020-02-11 16:43:06 INFO  ItemController:47 - What is the new stock level of the item?
2020-02-11 16:43:07 INFO  ItemController:51 - Item has been edited successfully
2020-02-11 16:43:43 INFO  Ims:22 - Which entity would you like to use?
2020-02-11 16:43:43 INFO  Domain:28 - CUSTOMER: Information about customers
2020-02-11 16:43:43 INFO  Domain:28 - ITEM: Individual Items
2020-02-11 16:43:43 INFO  Domain:28 - ORDER: Purchases of items
2020-02-11 16:43:43 INFO  Domain:28 - STOP: To close the application
2020-02-11 16:43:46 INFO  Ims:26 - What would you like to do with item:
2020-02-11 16:43:46 INFO  Action:42 - CREATE: To save a new item into the database
2020-02-11 16:43:46 INFO  Action:42 - READ: To read an item from the database
2020-02-11 16:43:46 INFO  Action:42 - UPDATE: To change an item already in the database
2020-02-11 16:43:46 INFO  Action:42 - DELETE: To remove an item from the database
2020-02-11 16:43:46 INFO  Action:42 - RETURN: To return to domain selection
2020-02-11 16:43:49 INFO  ItemController:21 - Current list of Items
2020-02-11 16:44:03 INFO  Ims:22 - Which entity would you like to use?
2020-02-11 16:44:03 INFO  Domain:28 - CUSTOMER: Information about customers
2020-02-11 16:44:03 INFO  Domain:28 - ITEM: Individual Items
2020-02-11 16:44:03 INFO  Domain:28 - ORDER: Purchases of items
2020-02-11 16:44:03 INFO  Domain:28 - STOP: To close the application
2020-02-11 16:44:06 INFO  Ims:26 - What would you like to do with item:
2020-02-11 16:44:06 INFO  Action:42 - CREATE: To save a new item into the database
2020-02-11 16:44:06 INFO  Action:42 - READ: To read an item from the database
2020-02-11 16:44:06 INFO  Action:42 - UPDATE: To change an item already in the database
2020-02-11 16:44:06 INFO  Action:42 - DELETE: To remove an item from the database
2020-02-11 16:44:06 INFO  Action:42 - RETURN: To return to domain selection
2020-02-11 16:44:09 INFO  ItemController:26 - Please enter a name:
2020-02-11 16:44:14 INFO  ItemController:28 - Please enter a value:
2020-02-11 16:44:16 INFO  ItemController:31 - Please enter the stock level:
2020-02-11 16:44:18 INFO  ItemController:35 - Item created
2020-02-11 16:45:30 INFO  Ims:22 - Which entity would you like to use?
2020-02-11 16:45:30 INFO  Domain:28 - CUSTOMER: Information about customers
2020-02-11 16:45:30 INFO  Domain:28 - ITEM: Individual Items
2020-02-11 16:45:30 INFO  Domain:28 - ORDER: Purchases of items
2020-02-11 16:45:30 INFO  Domain:28 - STOP: To close the application
2020-02-11 16:45:32 INFO  Ims:26 - What would you like to do with item:
2020-02-11 16:45:32 INFO  Action:42 - CREATE: To save a new item into the database
2020-02-11 16:45:32 INFO  Action:42 - READ: To read an item from the database
2020-02-11 16:45:32 INFO  Action:42 - UPDATE: To change an item already in the database
2020-02-11 16:45:32 INFO  Action:42 - DELETE: To remove an item from the database
2020-02-11 16:45:32 INFO  Action:42 - RETURN: To return to domain selection
2020-02-11 16:45:34 INFO  ItemController:39 - Please enter the ID of the item you wish to edit:
2020-02-11 16:45:37 INFO  ItemController:42 - What is the item's new name?
2020-02-11 16:45:39 INFO  ItemController:44 - What is the new value of the order?
2020-02-11 16:45:41 INFO  ItemController:47 - What is the new stock level of the item?
2020-02-11 16:45:42 INFO  ItemController:51 - Item has been edited successfully
2020-02-11 16:51:12 INFO  Ims:22 - Which entity would you like to use?
2020-02-11 16:51:12 INFO  Domain:28 - CUSTOMER: Information about customers
2020-02-11 16:51:12 INFO  Domain:28 - ITEM: Individual Items
2020-02-11 16:51:12 INFO  Domain:28 - ORDER: Purchases of items
2020-02-11 16:51:12 INFO  Domain:28 - STOP: To close the application
2020-02-11 16:51:15 ERROR Domain:39 - Invalid selection please try again
2020-02-11 16:51:18 INFO  Ims:26 - What would you like to do with item:
2020-02-11 16:51:18 INFO  Action:42 - CREATE: To save a new item into the database
2020-02-11 16:51:18 INFO  Action:42 - READ: To read an item from the database
2020-02-11 16:51:18 INFO  Action:42 - UPDATE: To change an item already in the database
2020-02-11 16:51:18 INFO  Action:42 - DELETE: To remove an item from the database
2020-02-11 16:51:18 INFO  Action:42 - RETURN: To return to domain selection
2020-02-11 16:51:21 INFO  ItemController:39 - Please enter the ID of the item you wish to edit:
2020-02-11 16:51:23 INFO  ItemController:42 - What is the item's new name?
2020-02-11 16:51:29 INFO  Ims:22 - Which entity would you like to use?
2020-02-11 16:51:29 INFO  Domain:28 - CUSTOMER: Information about customers
2020-02-11 16:51:29 INFO  Domain:28 - ITEM: Individual Items
2020-02-11 16:51:29 INFO  Domain:28 - ORDER: Purchases of items
2020-02-11 16:51:29 INFO  Domain:28 - STOP: To close the application
2020-02-11 16:51:31 INFO  Ims:26 - What would you like to do with item:
2020-02-11 16:51:31 INFO  Action:42 - CREATE: To save a new item into the database
2020-02-11 16:51:31 INFO  Action:42 - READ: To read an item from the database
2020-02-11 16:51:31 INFO  Action:42 - UPDATE: To change an item already in the database
2020-02-11 16:51:31 INFO  Action:42 - DELETE: To remove an item from the database
2020-02-11 16:51:31 INFO  Action:42 - RETURN: To return to domain selection
2020-02-11 16:51:33 INFO  ItemController:39 - Please enter the ID of the item you wish to edit:
2020-02-11 16:51:33 INFO  ItemController:42 - What is the item's new name?
2020-02-11 16:51:35 INFO  ItemController:44 - What is the new value of the order?
2020-02-11 16:51:36 INFO  ItemController:47 - What is the new stock level of the item?
2020-02-11 16:51:37 INFO  ItemController:51 - Item has been edited successfully
2020-02-11 16:52:25 INFO  Ims:22 - Which entity would you like to use?
2020-02-11 16:52:25 INFO  Domain:28 - CUSTOMER: Information about customers
2020-02-11 16:52:25 INFO  Domain:28 - ITEM: Individual Items
2020-02-11 16:52:25 INFO  Domain:28 - ORDER: Purchases of items
2020-02-11 16:52:25 INFO  Domain:28 - STOP: To close the application
2020-02-11 16:52:28 INFO  Ims:26 - What would you like to do with item:
2020-02-11 16:52:28 INFO  Action:42 - CREATE: To save a new item into the database
2020-02-11 16:52:28 INFO  Action:42 - READ: To read an item from the database
2020-02-11 16:52:28 INFO  Action:42 - UPDATE: To change an item already in the database
2020-02-11 16:52:28 INFO  Action:42 - DELETE: To remove an item from the database
2020-02-11 16:52:28 INFO  Action:42 - RETURN: To return to domain selection
2020-02-11 16:52:30 ERROR Action:59 - Invalid selection please try again
2020-02-11 16:52:34 INFO  ItemController:39 - Please enter the ID of the item you wish to edit:
2020-02-11 16:52:35 INFO  ItemController:42 - What is the item's new name?
2020-02-11 16:52:38 INFO  ItemController:44 - What is the new value of the order?
2020-02-11 16:52:39 INFO  ItemController:47 - What is the new stock level of the item?
2020-02-11 16:52:40 INFO  ItemController:51 - Item has been edited successfully
2020-02-11 16:53:02 INFO  Ims:22 - Which entity would you like to use?
2020-02-11 16:53:02 INFO  Domain:28 - CUSTOMER: Information about customers
2020-02-11 16:53:02 INFO  Domain:28 - ITEM: Individual Items
2020-02-11 16:53:02 INFO  Domain:28 - ORDER: Purchases of items
2020-02-11 16:53:02 INFO  Domain:28 - STOP: To close the application
2020-02-11 16:53:04 INFO  Ims:26 - What would you like to do with item:
2020-02-11 16:53:04 INFO  Action:42 - CREATE: To save a new item into the database
2020-02-11 16:53:04 INFO  Action:42 - READ: To read an item from the database
2020-02-11 16:53:04 INFO  Action:42 - UPDATE: To change an item already in the database
2020-02-11 16:53:04 INFO  Action:42 - DELETE: To remove an item from the database
2020-02-11 16:53:04 INFO  Action:42 - RETURN: To return to domain selection
2020-02-11 16:53:06 INFO  ItemController:39 - Please enter the ID of the item you wish to edit:
2020-02-11 16:53:07 INFO  ItemController:42 - What is the item's new name?
2020-02-11 16:53:08 INFO  ItemController:44 - What is the new value of the order?
2020-02-11 16:53:10 INFO  ItemController:47 - What is the new stock level of the item?
2020-02-11 16:53:11 INFO  ItemController:51 - Item has been edited successfully
2020-02-11 16:53:28 INFO  Ims:22 - Which entity would you like to use?
2020-02-11 16:53:28 INFO  Domain:28 - CUSTOMER: Information about customers
2020-02-11 16:53:28 INFO  Domain:28 - ITEM: Individual Items
2020-02-11 16:53:28 INFO  Domain:28 - ORDER: Purchases of items
2020-02-11 16:53:28 INFO  Domain:28 - STOP: To close the application
2020-02-11 16:53:30 INFO  Ims:26 - What would you like to do with item:
2020-02-11 16:53:30 INFO  Action:42 - CREATE: To save a new item into the database
2020-02-11 16:53:30 INFO  Action:42 - READ: To read an item from the database
2020-02-11 16:53:30 INFO  Action:42 - UPDATE: To change an item already in the database
2020-02-11 16:53:30 INFO  Action:42 - DELETE: To remove an item from the database
2020-02-11 16:53:30 INFO  Action:42 - RETURN: To return to domain selection
2020-02-11 16:53:32 INFO  ItemController:39 - Please enter the ID of the item you wish to edit:
2020-02-11 16:53:35 INFO  ItemController:42 - What is the item's new name?
2020-02-11 16:53:38 INFO  ItemController:44 - What is the new value of the order?
2020-02-11 16:53:40 INFO  ItemController:47 - What is the new stock level of the item?
2020-02-11 16:53:41 INFO  ItemController:51 - Item has been edited successfully
